Build started 8/17/2016 9:56:33 AM.
     1>Project "C:\Users\MagnoVJ\documents\visual studio 2012\Projects\Sparky\Sparky-core\Sparky-core.vcxproj" on node 2 (Build target(s)).
     1>ClCompile:
         C:\Program Files (x86)\Microsoft Visual Studio 11.0\VC\bin\CL.exe /c /Zi /nologo /W3 /WX- /O2 /Ob2 /Oi /Ot /Oy- /GL /D GLEW_STATIC /D _CRT_SECURE_NO_WARNINGS /D _MBCS /Gm- /EHsc /MD /GS /Gy /arch:SSE2 /fp:fast /Zc:wchar_t /Zc:forScope /Fo"C:\Users\MagnoVJ\documents\visual studio 2012\Projects\Sparky\bin\Release\Intermediates\\" /Fd"C:\Users\MagnoVJ\documents\visual studio 2012\Projects\Sparky\bin\Release\Intermediates\vc110.pdb" /Gd /TP /analyze- /errorReport:prompt Main.cpp
         Main.cpp
     1>Main.cpp(61): warning C4244: 'argument' : conversion from 'time_t' to 'unsigned int', possible loss of data
       Link:
         C:\Program Files (x86)\Microsoft Visual Studio 11.0\VC\bin\link.exe /ERRORREPORT:PROMPT /OUT:"C:\Users\MagnoVJ\documents\visual studio 2012\Projects\Sparky\bin\Release\Sparky-core.exe" /NOLOGO glfw3.lib glew32s.lib opengl32.lib FreeImage.lib kernel32.lib user32.lib gdi32.lib winspool.lib comdlg32.lib advapi32.lib shell32.lib ole32.lib oleaut32.lib uuid.lib odbc32.lib odbccp32.lib /MANIFEST /MANIFESTUAC:"level='asInvoker' uiAccess='false'" /manifest:embed /DEBUG /PDB:"C:\Users\MagnoVJ\documents\visual studio 2012\Projects\Sparky\bin\Release\Sparky-core.pdb" /OPT:REF /OPT:ICF /LTCG /TLBID:1 /DYNAMICBASE /NXCOMPAT /IMPLIB:"C:\Users\MagnoVJ\documents\visual studio 2012\Projects\Sparky\bin\Release\Sparky-core.lib" /MACHINE:X86 /SAFESEH "C:\Users\MagnoVJ\documents\visual studio 2012\Projects\Sparky\bin\Release\Intermediates\Main.obj"
         "C:\Users\MagnoVJ\documents\visual studio 2012\Projects\Sparky\bin\Release\Intermediates\Batchrenderer2d.obj"
         "C:\Users\MagnoVJ\documents\visual studio 2012\Projects\Sparky\bin\Release\Intermediates\Buffer.obj"
         "C:\Users\MagnoVJ\documents\visual studio 2012\Projects\Sparky\bin\Release\Intermediates\Indexbuffer.obj"
         "C:\Users\MagnoVJ\documents\visual studio 2012\Projects\Sparky\bin\Release\Intermediates\Vertexarray.obj"
         "C:\Users\MagnoVJ\documents\visual studio 2012\Projects\Sparky\bin\Release\Intermediates\Group.obj"
         "C:\Users\MagnoVJ\documents\visual studio 2012\Projects\Sparky\bin\Release\Intermediates\Layer.obj"
         "C:\Users\MagnoVJ\documents\visual studio 2012\Projects\Sparky\bin\Release\Intermediates\tilelayer.obj"
         "C:\Users\MagnoVJ\documents\visual studio 2012\Projects\Sparky\bin\Release\Intermediates\Shader.obj"
         "C:\Users\MagnoVJ\documents\visual studio 2012\Projects\Sparky\bin\Release\Intermediates\Simple2drenderer.obj"
         "C:\Users\MagnoVJ\documents\visual studio 2012\Projects\Sparky\bin\Release\Intermediates\Sprite.obj"
         "C:\Users\MagnoVJ\documents\visual studio 2012\Projects\Sparky\bin\Release\Intermediates\Static_sprite.obj"
         "C:\Users\MagnoVJ\documents\visual studio 2012\Projects\Sparky\bin\Release\Intermediates\Texture.obj"
         "C:\Users\MagnoVJ\documents\visual studio 2012\Projects\Sparky\bin\Release\Intermediates\Window.obj"
         "C:\Users\MagnoVJ\documents\visual studio 2012\Projects\Sparky\bin\Release\Intermediates\Mat4.obj"
         "C:\Users\MagnoVJ\documents\visual studio 2012\Projects\Sparky\bin\Release\Intermediates\Vec2.obj"
         "C:\Users\MagnoVJ\documents\visual studio 2012\Projects\Sparky\bin\Release\Intermediates\Vec3.obj"
         "C:\Users\MagnoVJ\documents\visual studio 2012\Projects\Sparky\bin\Release\Intermediates\Vec4.obj"
     1>LINK : warning LNK4098: defaultlib 'LIBCMT' conflicts with use of other libs; use /NODEFAULTLIB:library
         Generating code
         Finished generating code
     1>glew32s.lib(glew.obj) : warning LNK4099: PDB 'vc120.pdb' was not found with 'glew32s.lib(glew.obj)' or at 'C:\Users\MagnoVJ\documents\visual studio 2012\Projects\Sparky\bin\Release\vc120.pdb'; linking object as if no debug info
         Sparky-core.vcxproj -> C:\Users\MagnoVJ\documents\visual studio 2012\Projects\Sparky\bin\Release\Sparky-core.exe
     1>Done Building Project "C:\Users\MagnoVJ\documents\visual studio 2012\Projects\Sparky\Sparky-core\Sparky-core.vcxproj" (Build target(s)).

Build succeeded.

Time Elapsed 00:00:02.32
