Build started 8/18/2016 2:57:04 AM.
     1>Project "C:\Users\MagnoVJ\Documents\Visual Studio 2012\Projects\Sparky\FreeType\FreeType.vcxproj" on node 2 (Build target(s)).
       Project file contains ToolsVersion="14.0". This toolset may be unknown or missing, in which case you may be able to resolve this by installing the appropriate version of MSBuild, or the build may have been forced to a particular ToolsVersion for policy reasons. Treating the project as if it had ToolsVersion="4.0". For more information, please see http://go.microsoft.com/fwlink/?LinkId=291333.
     1>ClCompile:
         C:\Program Files (x86)\Microsoft Visual Studio 11.0\VC\bin\CL.exe /c /Iinclude /I"C:\Users\MagnoVJ\documents\visual studio 2012\Projects\Sparky\Dependencies\GLEW\include" /ZI /nologo /W3 /WX- /sdl /Od /Oy- /D SP_PLATFORM_WINDOWS /D FT2_BUILD_LIBRARY /D _CRT_SECURE_NO_WARNINGS /D _CRT_NONSTDC_NO_DEPRECATE /D _MBCS /D _WINDLL /D _MBCS /Gm /EHsc /RTC1 /MDd /GS /fp:precise /Zc:wchar_t /Zc:forScope /Fo"C:\Users\MagnoVJ\documents\visual studio 2012\Projects\Sparky\bin\Debug\Intermediates\FreeType\\" /Fd"C:\Users\MagnoVJ\documents\visual studio 2012\Projects\Sparky\bin\Debug\Intermediates\FreeType\vc110.pdb" /FR"C:\Users\MagnoVJ\documents\visual studio 2012\Projects\Sparky\bin\Debug\Intermediates\FreeType\\" /Gd /TC /analyze- /errorReport:prompt "freetype-gl\platform.c" "freetype-gl\texture-atlas.c" "freetype-gl\texture-font.c" "freetype-gl\vector.c"
         vector.c
         texture-font.c
         texture-atlas.c
     1>c:\users\magnovj\documents\visual studio 2012\projects\sparky\freetype\freetype-gl\texture-atlas.c(133): warning C4090: '=' : different 'const' qualifiers
     1>c:\users\magnovj\documents\visual studio 2012\projects\sparky\freetype\freetype-gl\texture-atlas.c(237): warning C4018: '<' : signed/unsigned mismatch
         platform.c
         Generating Code...
       Link:
         C:\Program Files (x86)\Microsoft Visual Studio 11.0\VC\bin\link.exe /ERRORREPORT:PROMPT /OUT:"C:\Users\MagnoVJ\documents\visual studio 2012\Projects\Sparky\bin\Debug\SPFont.dll" /INCREMENTAL /NOLOGO /LIBPATH:"C:\Users\MagnoVJ\documents\visual studio 2012\Projects\Sparky\Dependencies\GLEW\lib" glew32s.lib opengl32.lib kernel32.lib user32.lib gdi32.lib winspool.lib comdlg32.lib advapi32.lib shell32.lib ole32.lib oleaut32.lib uuid.lib odbc32.lib odbccp32.lib kernel32.lib user32.lib gdi32.lib winspool.lib comdlg32.lib advapi32.lib shell32.lib ole32.lib oleaut32.lib uuid.lib odbc32.lib odbccp32.lib /MANIFEST /MANIFESTUAC:"level='asInvoker' uiAccess='false'" /manifest:embed /PDB:"C:\Users\MagnoVJ\documents\visual studio 2012\Projects\Sparky\bin\Debug\SPFont.pdb" /TLBID:1 /DYNAMICBASE /NXCOMPAT /IMPLIB:"C:\Users\MagnoVJ\documents\visual studio 2012\Projects\Sparky\bin\Debug\SPFont.lib" /MACHINE:X86 /DLL "C:\Users\MagnoVJ\documents\visual studio 2012\Projects\Sparky\bin\Debug\Intermediates\FreeType\platform.obj"
         "C:\Users\MagnoVJ\documents\visual studio 2012\Projects\Sparky\bin\Debug\Intermediates\FreeType\texture-atlas.obj"
         "C:\Users\MagnoVJ\documents\visual studio 2012\Projects\Sparky\bin\Debug\Intermediates\FreeType\texture-font.obj"
         "C:\Users\MagnoVJ\documents\visual studio 2012\Projects\Sparky\bin\Debug\Intermediates\FreeType\vector.obj"
         "C:\Users\MagnoVJ\documents\visual studio 2012\Projects\Sparky\bin\Debug\Intermediates\FreeType\autofit.obj"
         "C:\Users\MagnoVJ\documents\visual studio 2012\Projects\Sparky\bin\Debug\Intermediates\FreeType\ftbase.obj"
         "C:\Users\MagnoVJ\documents\visual studio 2012\Projects\Sparky\bin\Debug\Intermediates\FreeType\ftbbox.obj"
         "C:\Users\MagnoVJ\documents\visual studio 2012\Projects\Sparky\bin\Debug\Intermediates\FreeType\ftbitmap.obj"
         "C:\Users\MagnoVJ\documents\visual studio 2012\Projects\Sparky\bin\Debug\Intermediates\FreeType\ftdebug.obj"
         "C:\Users\MagnoVJ\documents\visual studio 2012\Projects\Sparky\bin\Debug\Intermediates\FreeType\ftfstype.obj"
         "C:\Users\MagnoVJ\documents\visual studio 2012\Projects\Sparky\bin\Debug\Intermediates\FreeType\ftgasp.obj"
         "C:\Users\MagnoVJ\documents\visual studio 2012\Projects\Sparky\bin\Debug\Intermediates\FreeType\ftglyph.obj"
         "C:\Users\MagnoVJ\documents\visual studio 2012\Projects\Sparky\bin\Debug\Intermediates\FreeType\ftgxval.obj"
         "C:\Users\MagnoVJ\documents\visual studio 2012\Projects\Sparky\bin\Debug\Intermediates\FreeType\ftinit.obj"
         "C:\Users\MagnoVJ\documents\visual studio 2012\Projects\Sparky\bin\Debug\Intermediates\FreeType\ftlcdfil.obj"
         "C:\Users\MagnoVJ\documents\visual studio 2012\Projects\Sparky\bin\Debug\Intermediates\FreeType\ftmm.obj"
         "C:\Users\MagnoVJ\documents\visual studio 2012\Projects\Sparky\bin\Debug\Intermediates\FreeType\ftotval.obj"
         "C:\Users\MagnoVJ\documents\visual studio 2012\Projects\Sparky\bin\Debug\Intermediates\FreeType\ftpatent.obj"
         "C:\Users\MagnoVJ\documents\visual studio 2012\Projects\Sparky\bin\Debug\Intermediates\FreeType\ftpfr.obj"
         "C:\Users\MagnoVJ\documents\visual studio 2012\Projects\Sparky\bin\Debug\Intermediates\FreeType\ftstroke.obj"
         "C:\Users\MagnoVJ\documents\visual studio 2012\Projects\Sparky\bin\Debug\Intermediates\FreeType\ftsynth.obj"
         "C:\Users\MagnoVJ\documents\visual studio 2012\Projects\Sparky\bin\Debug\Intermediates\FreeType\ftsystem.obj"
         "C:\Users\MagnoVJ\documents\visual studio 2012\Projects\Sparky\bin\Debug\Intermediates\FreeType\fttype1.obj"
         "C:\Users\MagnoVJ\documents\visual studio 2012\Projects\Sparky\bin\Debug\Intermediates\FreeType\ftwinfnt.obj"
         "C:\Users\MagnoVJ\documents\visual studio 2012\Projects\Sparky\bin\Debug\Intermediates\FreeType\ftxf86.obj"
         "C:\Users\MagnoVJ\documents\visual studio 2012\Projects\Sparky\bin\Debug\Intermediates\FreeType\bdf.obj"
         "C:\Users\MagnoVJ\documents\visual studio 2012\Projects\Sparky\bin\Debug\Intermediates\FreeType\ftcache.obj"
         "C:\Users\MagnoVJ\documents\visual studio 2012\Projects\Sparky\bin\Debug\Intermediates\FreeType\cff.obj"
         "C:\Users\MagnoVJ\documents\visual studio 2012\Projects\Sparky\bin\Debug\Intermediates\FreeType\type1cid.obj"
         "C:\Users\MagnoVJ\documents\visual studio 2012\Projects\Sparky\bin\Debug\Intermediates\FreeType\ftgzip.obj"
         "C:\Users\MagnoVJ\documents\visual studio 2012\Projects\Sparky\bin\Debug\Intermediates\FreeType\ftlzw.obj"
         "C:\Users\MagnoVJ\documents\visual studio 2012\Projects\Sparky\bin\Debug\Intermediates\FreeType\pcf.obj"
         "C:\Users\MagnoVJ\documents\visual studio 2012\Projects\Sparky\bin\Debug\Intermediates\FreeType\pfr.obj"
         "C:\Users\MagnoVJ\documents\visual studio 2012\Projects\Sparky\bin\Debug\Intermediates\FreeType\psaux.obj"
         "C:\Users\MagnoVJ\documents\visual studio 2012\Projects\Sparky\bin\Debug\Intermediates\FreeType\pshinter.obj"
         "C:\Users\MagnoVJ\documents\visual studio 2012\Projects\Sparky\bin\Debug\Intermediates\FreeType\psmodule.obj"
         "C:\Users\MagnoVJ\documents\visual studio 2012\Projects\Sparky\bin\Debug\Intermediates\FreeType\raster.obj"
         "C:\Users\MagnoVJ\documents\visual studio 2012\Projects\Sparky\bin\Debug\Intermediates\FreeType\sfnt.obj"
         "C:\Users\MagnoVJ\documents\visual studio 2012\Projects\Sparky\bin\Debug\Intermediates\FreeType\smooth.obj"
         "C:\Users\MagnoVJ\documents\visual studio 2012\Projects\Sparky\bin\Debug\Intermediates\FreeType\truetype.obj"
         "C:\Users\MagnoVJ\documents\visual studio 2012\Projects\Sparky\bin\Debug\Intermediates\FreeType\type1.obj"
         "C:\Users\MagnoVJ\documents\visual studio 2012\Projects\Sparky\bin\Debug\Intermediates\FreeType\type42.obj"
         "C:\Users\MagnoVJ\documents\visual studio 2012\Projects\Sparky\bin\Debug\Intermediates\FreeType\winfnt.obj"
            Creating library C:\Users\MagnoVJ\documents\visual studio 2012\Projects\Sparky\bin\Debug\SPFont.lib and object C:\Users\MagnoVJ\documents\visual studio 2012\Projects\Sparky\bin\Debug\SPFont.exp
         FreeType.vcxproj -> C:\Users\MagnoVJ\documents\visual studio 2012\Projects\Sparky\bin\Debug\SPFont.dll
       BscMake:
         C:\Program Files (x86)\Microsoft Visual Studio 11.0\VC\bin\bscmake.exe /nologo /o"C:\Users\MagnoVJ\documents\visual studio 2012\Projects\Sparky\bin\Debug\SPFont.bsc" /n "C:\Users\MagnoVJ\documents\visual studio 2012\Projects\Sparky\bin\Debug\Intermediates\FreeType\platform.sbr" "C:\Users\MagnoVJ\documents\visual studio 2012\Projects\Sparky\bin\Debug\Intermediates\FreeType\texture-atlas.sbr" "C:\Users\MagnoVJ\documents\visual studio 2012\Projects\Sparky\bin\Debug\Intermediates\FreeType\texture-font.sbr" "C:\Users\MagnoVJ\documents\visual studio 2012\Projects\Sparky\bin\Debug\Intermediates\FreeType\vector.sbr" "C:\Users\MagnoVJ\documents\visual studio 2012\Projects\Sparky\bin\Debug\Intermediates\FreeType\autofit.sbr" "C:\Users\MagnoVJ\documents\visual studio 2012\Projects\Sparky\bin\Debug\Intermediates\FreeType\ftbase.sbr" "C:\Users\MagnoVJ\documents\visual studio 2012\Projects\Sparky\bin\Debug\Intermediates\FreeType\ftbbox.sbr" "C:\Users\MagnoVJ\documents\visual studio 2012\Projects\Sparky\bin\Debug\Intermediates\FreeType\ftbitmap.sbr" "C:\Users\MagnoVJ\documents\visual studio 2012\Projects\Sparky\bin\Debug\Intermediates\FreeType\ftdebug.sbr" "C:\Users\MagnoVJ\documents\visual studio 2012\Projects\Sparky\bin\Debug\Intermediates\FreeType\ftfstype.sbr" "C:\Users\MagnoVJ\documents\visual studio 2012\Projects\Sparky\bin\Debug\Intermediates\FreeType\ftgasp.sbr" "C:\Users\MagnoVJ\documents\visual studio 2012\Projects\Sparky\bin\Debug\Intermediates\FreeType\ftglyph.sbr" "C:\Users\MagnoVJ\documents\visual studio 2012\Projects\Sparky\bin\Debug\Intermediates\FreeType\ftgxval.sbr" "C:\Users\MagnoVJ\documents\visual studio 2012\Projects\Sparky\bin\Debug\Intermediates\FreeType\ftinit.sbr" "C:\Users\MagnoVJ\documents\visual studio 2012\Projects\Sparky\bin\Debug\Intermediates\FreeType\ftlcdfil.sbr" "C:\Users\MagnoVJ\documents\visual studio 2012\Projects\Sparky\bin\Debug\Intermediates\FreeType\ftmm.sbr" "C:\Users\MagnoVJ\documents\visual studio 2012\Projects\Sparky\bin\Debug\Intermediates\FreeType\ftotval.sbr" "C:\Users\MagnoVJ\documents\visual studio 2012\Projects\Sparky\bin\Debug\Intermediates\FreeType\ftpatent.sbr" "C:\Users\MagnoVJ\documents\visual studio 2012\Projects\Sparky\bin\Debug\Intermediates\FreeType\ftpfr.sbr" "C:\Users\MagnoVJ\documents\visual studio 2012\Projects\Sparky\bin\Debug\Intermediates\FreeType\ftstroke.sbr" "C:\Users\MagnoVJ\documents\visual studio 2012\Projects\Sparky\bin\Debug\Intermediates\FreeType\ftsynth.sbr" "C:\Users\MagnoVJ\documents\visual studio 2012\Projects\Sparky\bin\Debug\Intermediates\FreeType\ftsystem.sbr" "C:\Users\MagnoVJ\documents\visual studio 2012\Projects\Sparky\bin\Debug\Intermediates\FreeType\fttype1.sbr" "C:\Users\MagnoVJ\documents\visual studio 2012\Projects\Sparky\bin\Debug\Intermediates\FreeType\ftwinfnt.sbr" "C:\Users\MagnoVJ\documents\visual studio 2012\Projects\Sparky\bin\Debug\Intermediates\FreeType\ftxf86.sbr" "C:\Users\MagnoVJ\documents\visual studio 2012\Projects\Sparky\bin\Debug\Intermediates\FreeType\bdf.sbr" "C:\Users\MagnoVJ\documents\visual studio 2012\Projects\Sparky\bin\Debug\Intermediates\FreeType\ftcache.sbr" "C:\Users\MagnoVJ\documents\visual studio 2012\Projects\Sparky\bin\Debug\Intermediates\FreeType\cff.sbr" "C:\Users\MagnoVJ\documents\visual studio 2012\Projects\Sparky\bin\Debug\Intermediates\FreeType\type1cid.sbr" "C:\Users\MagnoVJ\documents\visual studio 2012\Projects\Sparky\bin\Debug\Intermediates\FreeType\ftgzip.sbr" "C:\Users\MagnoVJ\documents\visual studio 2012\Projects\Sparky\bin\Debug\Intermediates\FreeType\ftlzw.sbr" "C:\Users\MagnoVJ\documents\visual studio 2012\Projects\Sparky\bin\Debug\Intermediates\FreeType\pcf.sbr" "C:\Users\MagnoVJ\documents\visual studio 2012\Projects\Sparky\bin\Debug\Intermediates\FreeType\pfr.sbr" "C:\Users\MagnoVJ\documents\visual studio 2012\Projects\Sparky\bin\Debug\Intermediates\FreeType\psaux.sbr" "C:\Users\MagnoVJ\documents\visual studio 2012\Projects\Sparky\bin\Debug\Intermediates\FreeType\pshinter.sbr" "C:\Users\MagnoVJ\documents\visual studio 2012\Projects\Sparky\bin\Debug\Intermediates\FreeType\psmodule.sbr" "C:\Users\MagnoVJ\documents\visual studio 2012\Projects\Sparky\bin\Debug\Intermediates\FreeType\raster.sbr" "C:\Users\MagnoVJ\documents\visual studio 2012\Projects\Sparky\bin\Debug\Intermediates\FreeType\sfnt.sbr" "C:\Users\MagnoVJ\documents\visual studio 2012\Projects\Sparky\bin\Debug\Intermediates\FreeType\smooth.sbr" "C:\Users\MagnoVJ\documents\visual studio 2012\Projects\Sparky\bin\Debug\Intermediates\FreeType\truetype.sbr" "C:\Users\MagnoVJ\documents\visual studio 2012\Projects\Sparky\bin\Debug\Intermediates\FreeType\type1.sbr" "C:\Users\MagnoVJ\documents\visual studio 2012\Projects\Sparky\bin\Debug\Intermediates\FreeType\type42.sbr" "C:\Users\MagnoVJ\documents\visual studio 2012\Projects\Sparky\bin\Debug\Intermediates\FreeType\winfnt.sbr"
     1>Done Building Project "C:\Users\MagnoVJ\Documents\Visual Studio 2012\Projects\Sparky\FreeType\FreeType.vcxproj" (Build target(s)).

Build succeeded.

Time Elapsed 00:00:02.83
