Build started 8/10/2016 12:30:12 AM.
     1>Project "C:\Users\MagnoVJ\documents\visual studio 2012\Projects\Sparky\Sparky-core\Sparky-core.vcxproj" on node 2 (Build target(s)).
     1>ClCompile:
         C:\Program Files (x86)\Microsoft Visual Studio 11.0\VC\bin\CL.exe /c /ZI /nologo /W3 /WX- /Od /Oy- /D GLEW_STATIC /D _CRT_SECURE_NO_WARNINGS /D _MBCS /Gm /EHsc /RTC1 /MDd /GS /fp:precise /Zc:wchar_t /Zc:forScope /Fo"C:\Users\MagnoVJ\documents\visual studio 2012\Projects\Sparky\bin\Debug\Intermediates\\" /Fd"C:\Users\MagnoVJ\documents\visual studio 2012\Projects\Sparky\bin\Debug\Intermediates\vc110.pdb" /Gd /TP /analyze- /errorReport:prompt Main.cpp src\graphics\Batchrenderer2d.cpp src\graphics\buffers\Buffer.cpp src\graphics\buffers\Indexbuffer.cpp src\graphics\buffers\Vertexarray.cpp src\graphics\Simple2drenderer.cpp src\graphics\Sprite.cpp src\graphics\Static_sprite.cpp
         Static_sprite.cpp
         Sprite.cpp
         Simple2drenderer.cpp
         Vertexarray.cpp
     1>c:\users\magnovj\documents\visual studio 2012\projects\sparky\sparky-core\src\graphics\buffers\vertexarray.cpp(15): warning C4018: '<' : signed/unsigned mismatch
         Indexbuffer.cpp
         Buffer.cpp
         Batchrenderer2d.cpp
         Main.cpp
         Generating Code...
       Link:
         C:\Program Files (x86)\Microsoft Visual Studio 11.0\VC\bin\link.exe /ERRORREPORT:PROMPT /OUT:"C:\Users\MagnoVJ\documents\visual studio 2012\Projects\Sparky\bin\Debug\Sparky-core.exe" /INCREMENTAL /NOLOGO glfw3.lib glew32s.lib opengl32.lib kernel32.lib user32.lib gdi32.lib winspool.lib comdlg32.lib advapi32.lib shell32.lib ole32.lib oleaut32.lib uuid.lib odbc32.lib odbccp32.lib /MANIFEST /MANIFESTUAC:"level='asInvoker' uiAccess='false'" /manifest:embed /DEBUG /PDB:"C:\Users\MagnoVJ\documents\visual studio 2012\Projects\Sparky\bin\Debug\Sparky-core.pdb" /TLBID:1 /DYNAMICBASE /NXCOMPAT /IMPLIB:"C:\Users\MagnoVJ\documents\visual studio 2012\Projects\Sparky\bin\Debug\Sparky-core.lib" /MACHINE:X86 "C:\Users\MagnoVJ\documents\visual studio 2012\Projects\Sparky\bin\Debug\Intermediates\Main.obj"
         "C:\Users\MagnoVJ\documents\visual studio 2012\Projects\Sparky\bin\Debug\Intermediates\Batchrenderer2d.obj"
         "C:\Users\MagnoVJ\documents\visual studio 2012\Projects\Sparky\bin\Debug\Intermediates\Buffer.obj"
         "C:\Users\MagnoVJ\documents\visual studio 2012\Projects\Sparky\bin\Debug\Intermediates\Indexbuffer.obj"
         "C:\Users\MagnoVJ\documents\visual studio 2012\Projects\Sparky\bin\Debug\Intermediates\Vertexarray.obj"
         "C:\Users\MagnoVJ\documents\visual studio 2012\Projects\Sparky\bin\Debug\Intermediates\Shader.obj"
         "C:\Users\MagnoVJ\documents\visual studio 2012\Projects\Sparky\bin\Debug\Intermediates\Simple2drenderer.obj"
         "C:\Users\MagnoVJ\documents\visual studio 2012\Projects\Sparky\bin\Debug\Intermediates\Sprite.obj"
         "C:\Users\MagnoVJ\documents\visual studio 2012\Projects\Sparky\bin\Debug\Intermediates\Static_sprite.obj"
         "C:\Users\MagnoVJ\documents\visual studio 2012\Projects\Sparky\bin\Debug\Intermediates\Window.obj"
         "C:\Users\MagnoVJ\documents\visual studio 2012\Projects\Sparky\bin\Debug\Intermediates\Mat4.obj"
         "C:\Users\MagnoVJ\documents\visual studio 2012\Projects\Sparky\bin\Debug\Intermediates\Vec2.obj"
         "C:\Users\MagnoVJ\documents\visual studio 2012\Projects\Sparky\bin\Debug\Intermediates\Vec3.obj"
         "C:\Users\MagnoVJ\documents\visual studio 2012\Projects\Sparky\bin\Debug\Intermediates\Vec4.obj"
     1>LINK : warning LNK4098: defaultlib 'MSVCRT' conflicts with use of other libs; use /NODEFAULTLIB:library
     1>LINK : warning LNK4098: defaultlib 'LIBCMT' conflicts with use of other libs; use /NODEFAULTLIB:library
     1>glew32s.lib(glew.obj) : warning LNK4099: PDB 'vc120.pdb' was not found with 'glew32s.lib(glew.obj)' or at 'C:\Users\MagnoVJ\documents\visual studio 2012\Projects\Sparky\bin\Debug\vc120.pdb'; linking object as if no debug info
         Sparky-core.vcxproj -> C:\Users\MagnoVJ\documents\visual studio 2012\Projects\Sparky\bin\Debug\Sparky-core.exe
     1>Done Building Project "C:\Users\MagnoVJ\documents\visual studio 2012\Projects\Sparky\Sparky-core\Sparky-core.vcxproj" (Build target(s)).

Build succeeded.

Time Elapsed 00:00:08.06
